<?xml version="1.0" encoding="UTF-8"?>
<testsuite xmlns:xsi="http://www.w3.org/2001/XMLSchema-instance" xsi:noNamespaceSchemaLocation="https://maven.apache.org/surefire/maven-surefire-plugin/xsd/surefire-test-report-3.0.xsd" version="3.0" name="com.lesson.concurrency.era1_classic.monitor.PingPongGameTest" time="0.117" tests="7" errors="0" skipped="0" failures="0">
  <properties>
[...]
</properties>
  <testcase name="testSingleIteration" classname="com.lesson.concurrency.era1_classic.monitor.PingPongGameTest" time="0.001"/>
  <testcase name="testBasicAlternation" classname="com.lesson.concurrency.era1_classic.monitor.PingPongGameTest" time="0.004"/>
  <testcase name="testTurnAlternation" classname="com.lesson.concurrency.era1_classic.monitor.PingPongGameTest" time="0.001"/>
  <testcase name="testThreadInterruptionHandling" classname="com.lesson.concurrency.era1_classic.monitor.PingPongGameTest" time="0.106">
    <system-out><![CDATA[Ping, ]]></system-out>
  </testcase>
  <testcase name="testMultipleIterations" classname="com.lesson.concurrency.era1_classic.monitor.PingPongGameTest" time="0.001"/>
  <testcase name="testNoDeadlock" classname="com.lesson.concurrency.era1_classic.monitor.PingPongGameTest" time="0.001">
    <system-out><![CDATA[Ping, Pong, Ping, Pong, Ping, Pong, Ping, Pong, PingPong]]></system-out>
  </testcase>
  <testcase name="testGameCanBeStopped" classname="com.lesson.concurrency.era1_classic.monitor.PingPongGameTest" time="0"/>
</testsuite>